MPASM 5.84            PROGRAMA_PRINCIPAL.ASM   4-13-2020  11:16:17         PAGE  1


LOC  OBJECT CODE     LINE SOURCE TEXT
  VALUE

                      00001 
                      00002 ; PIC16F877A Configuration Bit Settings
                      00003 
                      00004 ; Assembly source line config statements
                      00005 
                      00006 #include "p16f877a.inc"
                      00001         LIST
                      00002 
                      00003 ;==========================================================================
                      00004 ; Build date : Mar 17 2019
                      00005 ;  MPASM PIC16F877A processor include
                      00006 ; 
                      00007 ;  (c) Copyright 1999-2019 Microchip Technology, All rights reserved
                      00008 ;==========================================================================
                      00009 
                      00567         LIST
                      00007 
                      00008 ; CONFIG
                      00009 ; __config 0xFF32
2007   3F32           00010  __CONFIG _FOSC_HS & _WDTE_OFF & _PWRTE_ON & _BOREN_OFF & _LVP_OFF & _CPD_OFF & _WRT_OFF & _CP_OFF
                      00011 
Message[313]: CBLOCK constants will start with a value of 0.
                      00012  CBLOCK
  00000000            00013  CUENTA
  00000001            00014  AUMENTO
                      00015  ENDC
                      00016  
Warning[207]: Found label after column 1. (NUMERO)
  0000000A            00017  NUMERO EQU .10
                      00018  
                      00019  ;   TMR1 => 0 A 65535
                      00020 ;
                      00021 ;   TMR1 = 65535 - ((TIEMPO_DESEADO*FOSC)/(PRESCALER*4)) - 1  
                      00022 ;   (100mS) TMR1 = 65535 - ((100ms*20MHZ)/(8*4)) -1
                      00023 ;   (100mS) TMR1 = 65535 - 62500 -1 = 3036
                      00024 ;   TMR1 = 3036 => 0x0BDC
                      00025 ;    
                      00026  
                      00027         ORG     0
0000   2???           00028         GOTO    INICIO
                      00029         ORG     4
0004   2???           00030         GOTO    INT_TMR1
                      00031         
0005                  00032 INICIO
0005   1683           00033         BSF     STATUS,RP0
0006   1303           00034         BCF     STATUS,RP1
Message[302]: Register in operand not in bank 0.  Ensure that bank bits are correct.
0007   0188           00035         CLRF    TRISD
Message[302]: Register in operand not in bank 0.  Ensure that bank bits are correct.
0008   140C           00036         BSF     PIE1,0 ;TMR1 ENABLE
0009   1283           00037         BCF     STATUS,RP0
000A   1090           00038         BCF     T1CON,1 ;TEMPORIZADOR
000B   1690           00039         BSF     T1CON,5
MPASM 5.84            PROGRAMA_PRINCIPAL.ASM   4-13-2020  11:16:17         PAGE  2


LOC  OBJECT CODE     LINE SOURCE TEXT
  VALUE

000C   1610           00040         BSF     T1CON,4 ;PRESCALER 8    
000D   178B           00041         BSF     INTCON,7; GIE
000E   170B           00042         BSF     INTCON,6; PIEI
000F   100C           00043         BCF     PIR1,0; FLANCO TIMER1
0010   1410           00044         BSF     T1CON,0; TMR1 ON
0011   3000           00045         MOVLW   .0
0012   0081           00046         MOVWF   AUMENTO
                      00047         ;0BDC
0013   300B           00048         MOVLW   0X0B
0014   008F           00049         MOVWF   TMR1H
0015   30DC           00050         MOVLW   0XDC
0016   008E           00051         MOVWF   TMR1L
0017   3000           00052         MOVLW   .0
0018   0088           00053         MOVWF   PORTD
0019                  00054 START
0019   0801           00055         MOVF    AUMENTO,W
001A   0088           00056         MOVWF   PORTD
001B   2???           00057         GOTO    START
                      00058         
001C                  00059 INT_TMR1
001C   300B           00060         MOVLW   0X0B
001D   008F           00061         MOVWF   TMR1H
001E   30DC           00062         MOVLW   0XDC
001F   008E           00063         MOVWF   TMR1L
0020   0A80           00064         INCF    CUENTA,F
0021   300A           00065         MOVLW   NUMERO
0022   0200           00066         SUBWF   CUENTA,W; CUENTA - NUMERO = W
0023   1903           00067         BTFSC   STATUS,Z
0024   2???           00068         GOTO    IGUAL
0025   1C03           00069         BTFSS   STATUS,C
0026   2???           00070         GOTO    MENOR
0027   2???           00071         GOTO    MAYOR
0028                  00072 MENOR
0028   0000           00073         NOP     
0029   2???           00074         GOTO    FIN_INT
002A                  00075 MAYOR
002A   0000           00076         NOP
002B   2???           00077         GOTO    FIN_INT
002C                  00078 IGUAL
002C   0A81           00079         INCF    AUMENTO,F
002D   3000           00080         MOVLW   .0
002E   0080           00081         MOVWF   CUENTA
002F                  00082 FIN_INT
002F   100C           00083         BCF     PIR1,0
0030   0009           00084         RETFIE
                      00085 
3F32                  00086         END
MPASM 5.84            PROGRAMA_PRINCIPAL.ASM   4-13-2020  11:16:17         PAGE  3


SYMBOL TABLE
  LABEL                             VALUE 

ACKDT                             00000005
ACKEN                             00000004
ACKSTAT                           00000006
ADCON0                            0000001F
ADCON1                            0000009F
ADCS0                             00000006
ADCS1                             00000007
ADCS2                             00000006
ADDEN                             00000003
ADFM                              00000007
ADIE                              00000006
ADIF                              00000006
ADON                              00000000
ADRESH                            0000001E
ADRESL                            0000009E
AUMENTO                           00000001
BCLIE                             00000003
BCLIF                             00000003
BF                                00000000
BRGH                              00000002
C                                 00000000
C1INV                             00000004
C1OUT                             00000006
C2INV                             00000005
C2OUT                             00000007
CCP1CON                           00000017
CCP1IE                            00000002
CCP1IF                            00000002
CCP1M0                            00000000
CCP1M1                            00000001
CCP1M2                            00000002
CCP1M3                            00000003
CCP1X                             00000005
CCP1Y                             00000004
CCP2CON                           0000001D
CCP2IE                            00000000
CCP2IF                            00000000
CCP2M0                            00000000
CCP2M1                            00000001
CCP2M2                            00000002
CCP2M3                            00000003
CCP2X                             00000005
CCP2Y                             00000004
CCPR1                             00000015
CCPR1H                            00000016
CCPR1L                            00000015
CCPR2                             0000001B
CCPR2H                            0000001C
CCPR2L                            0000001B
CHS0                              00000003
CHS1                              00000004
CHS2                              00000005
CIS                               00000003
MPASM 5.84            PROGRAMA_PRINCIPAL.ASM   4-13-2020  11:16:17         PAGE  4


SYMBOL TABLE
  LABEL                             VALUE 

CKE                               00000006
CKP                               00000004
CM0                               00000000
CM1                               00000001
CM2                               00000002
CMCON                             0000009C
CMIE                              00000006
CMIF                              00000006
CREN                              00000004
CSRC                              00000007
CUENTA                            00000000
CVR0                              00000000
CVR1                              00000001
CVR2                              00000002
CVR3                              00000003
CVRCON                            0000009D
CVREN                             00000007
CVROE                             00000006
CVRR                              00000005
D                                 00000005
DATA_ADDRESS                      00000005
DC                                00000001
D_A                               00000005
D_NOT_A                           00000005
EEADR                             0000010D
EEADRH                            0000010F
EECON1                            0000018C
EECON2                            0000018D
EEDATA                            0000010C
EEDATH                            0000010E
EEIE                              00000004
EEIF                              00000004
EEPGD                             00000007
F                                 00000001
FERR                              00000002
FIN_INT                           0000002F
FSR                               00000004
GCEN                              00000007
GIE                               00000007
GO                                00000002
GO_DONE                           00000002
GO_NOT_DONE                       00000002
I2C_DATA                          00000005
I2C_READ                          00000002
I2C_START                         00000003
I2C_STOP                          00000004
IBF                               00000007
IBOV                              00000005
IGUAL                             0000002C
INDF                              00000000
INICIO                            00000005
INTCON                            0000000B
INTE                              00000004
MPASM 5.84            PROGRAMA_PRINCIPAL.ASM   4-13-2020  11:16:17         PAGE  5


SYMBOL TABLE
  LABEL                             VALUE 

INTEDG                            00000006
INTF                              00000001
INT_TMR1                          0000001C
IRP                               00000007
MAYOR                             0000002A
MENOR                             00000028
NOT_A                             00000005
NOT_ADDRESS                       00000005
NOT_BO                            00000000
NOT_BOR                           00000000
NOT_DONE                          00000002
NOT_PD                            00000003
NOT_POR                           00000001
NOT_RBPU                          00000007
NOT_RC8                           00000006
NOT_T1SYNC                        00000002
NOT_TO                            00000004
NOT_TX8                           00000006
NOT_W                             00000002
NOT_WRITE                         00000002
NUMERO                            0000000A
OBF                               00000006
OERR                              00000001
OPTION_REG                        00000081
P                                 00000004
PCFG0                             00000000
PCFG1                             00000001
PCFG2                             00000002
PCFG3                             00000003
PCL                               00000002
PCLATH                            0000000A
PCON                              0000008E
PEIE                              00000006
PEN                               00000002
PIE1                              0000008C
PIE2                              0000008D
PIR1                              0000000C
PIR2                              0000000D
PORTA                             00000005
PORTB                             00000006
PORTC                             00000007
PORTD                             00000008
PORTE                             00000009
PR2                               00000092
PS0                               00000000
PS1                               00000001
PS2                               00000002
PSA                               00000003
PSPIE                             00000007
PSPIF                             00000007
PSPMODE                           00000004
R                                 00000002
RA0                               00000000
MPASM 5.84            PROGRAMA_PRINCIPAL.ASM   4-13-2020  11:16:17         PAGE  6


SYMBOL TABLE
  LABEL                             VALUE 

RA1                               00000001
RA2                               00000002
RA3                               00000003
RA4                               00000004
RA5                               00000005
RB0                               00000000
RB1                               00000001
RB2                               00000002
RB3                               00000003
RB4                               00000004
RB5                               00000005
RB6                               00000006
RB7                               00000007
RBIE                              00000003
RBIF                              00000000
RC0                               00000000
RC1                               00000001
RC2                               00000002
RC3                               00000003
RC4                               00000004
RC5                               00000005
RC6                               00000006
RC7                               00000007
RC8_9                             00000006
RC9                               00000006
RCD8                              00000000
RCEN                              00000003
RCIE                              00000005
RCIF                              00000005
RCREG                             0000001A
RCSTA                             00000018
RD                                00000000
RD0                               00000000
RD1                               00000001
RD2                               00000002
RD3                               00000003
RD4                               00000004
RD5                               00000005
RD6                               00000006
RD7                               00000007
RE0                               00000000
RE1                               00000001
RE2                               00000002
READ_WRITE                        00000002
RP0                               00000005
RP1                               00000006
RSEN                              00000001
RX9                               00000006
RX9D                              00000000
R_NOT_W                           00000002
R_W                               00000002
S                                 00000003
SEN                               00000000
MPASM 5.84            PROGRAMA_PRINCIPAL.ASM   4-13-2020  11:16:17         PAGE  7


SYMBOL TABLE
  LABEL                             VALUE 

SMP                               00000007
SPBRG                             00000099
SPEN                              00000007
SREN                              00000005
SSPADD                            00000093
SSPBUF                            00000013
SSPCON                            00000014
SSPCON2                           00000091
SSPEN                             00000005
SSPIE                             00000003
SSPIF                             00000003
SSPM0                             00000000
SSPM1                             00000001
SSPM2                             00000002
SSPM3                             00000003
SSPOV                             00000006
SSPSTAT                           00000094
START                             00000019
STATUS                            00000003
SYNC                              00000004
T0CS                              00000005
T0IE                              00000005
T0IF                              00000002
T0SE                              00000004
T1CKPS0                           00000004
T1CKPS1                           00000005
T1CON                             00000010
T1INSYNC                          00000002
T1OSCEN                           00000003
T1SYNC                            00000002
T2CKPS0                           00000000
T2CKPS1                           00000001
T2CON                             00000012
TMR0                              00000001
TMR0IE                            00000005
TMR0IF                            00000002
TMR1                              0000000E
TMR1CS                            00000001
TMR1H                             0000000F
TMR1IE                            00000000
TMR1IF                            00000000
TMR1L                             0000000E
TMR1ON                            00000000
TMR2                              00000011
TMR2IE                            00000001
TMR2IF                            00000001
TMR2ON                            00000002
TOUTPS0                           00000003
TOUTPS1                           00000004
TOUTPS2                           00000005
TOUTPS3                           00000006
TRISA                             00000085
TRISA0                            00000000
MPASM 5.84            PROGRAMA_PRINCIPAL.ASM   4-13-2020  11:16:17         PAGE  8


SYMBOL TABLE
  LABEL                             VALUE 

TRISA1                            00000001
TRISA2                            00000002
TRISA3                            00000003
TRISA4                            00000004
TRISA5                            00000005
TRISB                             00000086
TRISB0                            00000000
TRISB1                            00000001
TRISB2                            00000002
TRISB3                            00000003
TRISB4                            00000004
TRISB5                            00000005
TRISB6                            00000006
TRISB7                            00000007
TRISC                             00000087
TRISC0                            00000000
TRISC1                            00000001
TRISC2                            00000002
TRISC3                            00000003
TRISC4                            00000004
TRISC5                            00000005
TRISC6                            00000006
TRISC7                            00000007
TRISD                             00000088
TRISD0                            00000000
TRISD1                            00000001
TRISD2                            00000002
TRISD3                            00000003
TRISD4                            00000004
TRISD5                            00000005
TRISD6                            00000006
TRISD7                            00000007
TRISE                             00000089
TRISE0                            00000000
TRISE1                            00000001
TRISE2                            00000002
TRMT                              00000001
TX8_9                             00000006
TX9                               00000006
TX9D                              00000000
TXD8                              00000000
TXEN                              00000005
TXIE                              00000004
TXIF                              00000004
TXREG                             00000019
TXSTA                             00000098
UA                                00000001
W                                 00000000
WCOL                              00000007
WR                                00000001
WREN                              00000002
WRERR                             00000003
Z                                 00000002
MPASM 5.84            PROGRAMA_PRINCIPAL.ASM   4-13-2020  11:16:17         PAGE  9


SYMBOL TABLE
  LABEL                             VALUE 

_BODEN_OFF                        00003FBF
_BODEN_ON                         00003FFF
_BOREN_OFF                        00003FBF
_BOREN_ON                         00003FFF
_CONFIG                           00002007
_CPD_OFF                          00003FFF
_CPD_ON                           00003EFF
_CP_ALL                           00001FFF
_CP_OFF                           00003FFF
_CP_ON                            00001FFF
_DEBUG_OFF                        00003FFF
_DEBUG_ON                         000037FF
_DEVID1                           00002006
_FOSC_EXTRC                       00003FFF
_FOSC_HS                          00003FFE
_FOSC_LP                          00003FFC
_FOSC_XT                          00003FFD
_HS_OSC                           00003FFE
_IDLOC0                           00002000
_IDLOC1                           00002001
_IDLOC2                           00002002
_IDLOC3                           00002003
_LP_OSC                           00003FFC
_LVP_OFF                          00003F7F
_LVP_ON                           00003FFF
_PWRTE_OFF                        00003FFF
_PWRTE_ON                         00003FF7
_RC_OSC                           00003FFF
_WDTE_OFF                         00003FFB
_WDTE_ON                          00003FFF
_WDT_OFF                          00003FFB
_WDT_ON                           00003FFF
_WRT_1FOURTH                      00003BFF
_WRT_256                          00003DFF
_WRT_HALF                         000039FF
_WRT_OFF                          00003FFF
_XT_OSC                           00003FFD
__16F877A                         00000001

Errors   :     0
Warnings :     1 reported,     0 suppressed
Messages :     3 reported,     0 suppressed

